<?xml version="1.0" encoding="UTF-8"?>
<!-- Generated by org.testng.reporters.JUnitXMLReporter -->
<testsuite ignored="0" hostname="DESKTOP-UCCH3TV" failures="1" tests="1" name="chrometest(failed)" time="23.921" errors="0" timestamp="2026-05-21T11:01:12 IST">
  <testcase classname="testCases.TC002_LoginTest" name="verifyLogin" time="13.068">
    <failure type="java.lang.AssertionError" message="null">
      <![CDATA[java.lang.AssertionError: null
at testCases.TC002_LoginTest.verifyLogin(TC002_LoginTest.java:39)
at java.base/java.util.ArrayList.forEach(ArrayList.java:1511)
... Removed 29 stack frames]]>
    </failure>
  </testcase> <!-- verifyLogin -->
</testsuite> <!-- chrometest(failed) -->
